{"E:\\GitHub\\ViewPageBrowserAI\\src\\background\\config.ts": {"path":"E:\\GitHub\\ViewPageBrowserAI\\src\\background\\config.ts","statementMap":{"0":{"start":{"line":52,"column":0},"end":{"line":52,"column":22}},"1":{"start":{"line":74,"column":0},"end":{"line":74,"column":22}},"2":{"start":{"line":99,"column":0},"end":{"line":99,"column":22}},"3":{"start":{"line":119,"column":0},"end":{"line":119,"column":22}},"4":{"start":{"line":135,"column":0},"end":{"line":135,"column":22}},"5":{"start":{"line":3,"column":0},"end":{"line":3,"column":null}},"6":{"start":{"line":29,"column":2},"end":{"line":31,"column":3}},"7":{"start":{"line":30,"column":4},"end":{"line":30,"column":100}},"8":{"start":{"line":33,"column":21},"end":{"line":33,"column":34}},"9":{"start":{"line":34,"column":2},"end":{"line":36,"column":3}},"10":{"start":{"line":35,"column":4},"end":{"line":35,"column":91}},"11":{"start":{"line":38,"column":2},"end":{"line":40,"column":3}},"12":{"start":{"line":39,"column":4},"end":{"line":39,"column":49}},"13":{"start":{"line":42,"column":2},"end":{"line":44,"column":3}},"14":{"start":{"line":43,"column":4},"end":{"line":43,"column":49}},"15":{"start":{"line":53,"column":2},"end":{"line":65,"column":4}},"16":{"start":{"line":54,"column":15},"end":{"line":63,"column":null}},"17":{"start":{"line":55,"column":6},"end":{"line":62,"column":8}},"18":{"start":{"line":56,"column":19},"end":{"line":59,"column":null}},"19":{"start":{"line":57,"column":25},"end":{"line":57,"column":72}},"20":{"start":{"line":58,"column":10},"end":{"line":58,"column":45}},"21":{"start":{"line":64,"column":15},"end":{"line":64,"column":56}},"22":{"start":{"line":76,"column":2},"end":{"line":76,"column":25}},"23":{"start":{"line":78,"column":2},"end":{"line":92,"column":4}},"24":{"start":{"line":79,"column":15},"end":{"line":90,"column":null}},"25":{"start":{"line":80,"column":6},"end":{"line":89,"column":8}},"26":{"start":{"line":81,"column":19},"end":{"line":86,"column":null}},"27":{"start":{"line":82,"column":10},"end":{"line":85,"column":13}},"28":{"start":{"line":91,"column":15},"end":{"line":91,"column":56}},"29":{"start":{"line":100,"column":2},"end":{"line":111,"column":4}},"30":{"start":{"line":101,"column":15},"end":{"line":109,"column":null}},"31":{"start":{"line":102,"column":6},"end":{"line":108,"column":8}},"32":{"start":{"line":103,"column":19},"end":{"line":105,"column":null}},"33":{"start":{"line":104,"column":10},"end":{"line":104,"column":76}},"34":{"start":{"line":110,"column":15},"end":{"line":110,"column":59}},"35":{"start":{"line":120,"column":2},"end":{"line":127,"column":3}},"36":{"start":{"line":121,"column":19},"end":{"line":121,"column":42}},"37":{"start":{"line":122,"column":4},"end":{"line":122,"column":48}},"38":{"start":{"line":125,"column":4},"end":{"line":125,"column":34}},"39":{"start":{"line":126,"column":4},"end":{"line":126,"column":17}},"40":{"start":{"line":136,"column":2},"end":{"line":151,"column":4}},"41":{"start":{"line":137,"column":15},"end":{"line":149,"column":null}},"42":{"start":{"line":138,"column":6},"end":{"line":148,"column":8}},"43":{"start":{"line":139,"column":19},"end":{"line":145,"column":null}},"44":{"start":{"line":140,"column":25},"end":{"line":140,"column":87}},"45":{"start":{"line":141,"column":10},"end":{"line":144,"column":12}},"46":{"start":{"line":150,"column":15},"end":{"line":150,"column":56}}},"fnMap":{"0":{"name":"validateApiKey","decl":{"start":{"line":28,"column":9},"end":{"line":28,"column":23}},"loc":{"start":{"line":28,"column":38},"end":{"line":45,"column":1}}},"1":{"name":"getGeminiApiKey","decl":{"start":{"line":52,"column":22},"end":{"line":52,"column":37}},"loc":{"start":{"line":52,"column":37},"end":{"line":66,"column":null}}},"2":{"name":"(anonymous_10)","decl":{"start":{"line":54,"column":4},"end":{"line":54,"column":13}},"loc":{"start":{"line":54,"column":15},"end":{"line":63,"column":null}}},"3":{"name":"(anonymous_11)","decl":{"start":{"line":54,"column":15},"end":{"line":54,"column":null}},"loc":{"start":{"line":54,"column":15},"end":{"line":63,"column":5}}},"4":{"name":"(anonymous_12)","decl":{"start":{"line":56,"column":8},"end":{"line":56,"column":17}},"loc":{"start":{"line":56,"column":19},"end":{"line":59,"column":null}}},"5":{"name":"(anonymous_13)","decl":{"start":{"line":56,"column":19},"end":{"line":56,"column":null}},"loc":{"start":{"line":56,"column":19},"end":{"line":59,"column":9}}},"6":{"name":"(anonymous_14)","decl":{"start":{"line":64,"column":4},"end":{"line":64,"column":5}},"loc":{"start":{"line":64,"column":15},"end":{"line":64,"column":56}}},"7":{"name":"setGeminiApiKey","decl":{"start":{"line":74,"column":22},"end":{"line":74,"column":37}},"loc":{"start":{"line":74,"column":52},"end":{"line":93,"column":null}}},"8":{"name":"(anonymous_17)","decl":{"start":{"line":79,"column":4},"end":{"line":79,"column":13}},"loc":{"start":{"line":79,"column":15},"end":{"line":90,"column":null}}},"9":{"name":"(anonymous_18)","decl":{"start":{"line":79,"column":15},"end":{"line":79,"column":null}},"loc":{"start":{"line":79,"column":15},"end":{"line":90,"column":5}}},"10":{"name":"(anonymous_19)","decl":{"start":{"line":81,"column":8},"end":{"line":81,"column":17}},"loc":{"start":{"line":81,"column":19},"end":{"line":86,"column":null}}},"11":{"name":"(anonymous_20)","decl":{"start":{"line":81,"column":19},"end":{"line":81,"column":null}},"loc":{"start":{"line":81,"column":19},"end":{"line":86,"column":9}}},"12":{"name":"(anonymous_21)","decl":{"start":{"line":91,"column":4},"end":{"line":91,"column":5}},"loc":{"start":{"line":91,"column":15},"end":{"line":91,"column":56}}},"13":{"name":"clearGeminiApiKey","decl":{"start":{"line":99,"column":22},"end":{"line":99,"column":39}},"loc":{"start":{"line":99,"column":39},"end":{"line":112,"column":null}}},"14":{"name":"(anonymous_24)","decl":{"start":{"line":101,"column":4},"end":{"line":101,"column":13}},"loc":{"start":{"line":101,"column":15},"end":{"line":109,"column":null}}},"15":{"name":"(anonymous_25)","decl":{"start":{"line":101,"column":15},"end":{"line":101,"column":null}},"loc":{"start":{"line":101,"column":15},"end":{"line":109,"column":5}}},"16":{"name":"(anonymous_26)","decl":{"start":{"line":103,"column":8},"end":{"line":103,"column":17}},"loc":{"start":{"line":103,"column":19},"end":{"line":105,"column":null}}},"17":{"name":"(anonymous_27)","decl":{"start":{"line":103,"column":19},"end":{"line":103,"column":null}},"loc":{"start":{"line":103,"column":19},"end":{"line":105,"column":9}}},"18":{"name":"(anonymous_28)","decl":{"start":{"line":110,"column":4},"end":{"line":110,"column":5}},"loc":{"start":{"line":110,"column":15},"end":{"line":110,"column":59}}},"19":{"name":"isApiKeyConfigured","decl":{"start":{"line":119,"column":22},"end":{"line":119,"column":40}},"loc":{"start":{"line":119,"column":40},"end":{"line":128,"column":null}}},"20":{"name":"getExtensionConfig","decl":{"start":{"line":135,"column":22},"end":{"line":135,"column":40}},"loc":{"start":{"line":135,"column":40},"end":{"line":152,"column":null}}},"21":{"name":"(anonymous_33)","decl":{"start":{"line":137,"column":4},"end":{"line":137,"column":13}},"loc":{"start":{"line":137,"column":15},"end":{"line":149,"column":null}}},"22":{"name":"(anonymous_34)","decl":{"start":{"line":137,"column":15},"end":{"line":137,"column":null}},"loc":{"start":{"line":137,"column":15},"end":{"line":149,"column":5}}},"23":{"name":"(anonymous_35)","decl":{"start":{"line":139,"column":8},"end":{"line":139,"column":17}},"loc":{"start":{"line":139,"column":19},"end":{"line":145,"column":null}}},"24":{"name":"(anonymous_36)","decl":{"start":{"line":139,"column":19},"end":{"line":139,"column":null}},"loc":{"start":{"line":139,"column":19},"end":{"line":145,"column":9}}},"25":{"name":"(anonymous_37)","decl":{"start":{"line":150,"column":4},"end":{"line":150,"column":5}},"loc":{"start":{"line":150,"column":15},"end":{"line":150,"column":56}}}},"branchMap":{"0":{"loc":{"start":{"line":29,"column":2},"end":{"line":31,"column":3}},"type":"if","locations":[{"start":{"line":29,"column":2},"end":{"line":31,"column":3}},{"start":{},"end":{}}]},"1":{"loc":{"start":{"line":29,"column":6},"end":{"line":29,"column":43}},"type":"binary-expr","locations":[{"start":{"line":29,"column":6},"end":{"line":29,"column":13}},{"start":{"line":29,"column":17},"end":{"line":29,"column":43}}]},"2":{"loc":{"start":{"line":34,"column":2},"end":{"line":36,"column":3}},"type":"if","locations":[{"start":{"line":34,"column":2},"end":{"line":36,"column":3}},{"start":{},"end":{}}]},"3":{"loc":{"start":{"line":38,"column":2},"end":{"line":40,"column":3}},"type":"if","locations":[{"start":{"line":38,"column":2},"end":{"line":40,"column":3}},{"start":{},"end":{}}]},"4":{"loc":{"start":{"line":42,"column":2},"end":{"line":44,"column":3}},"type":"if","locations":[{"start":{"line":42,"column":2},"end":{"line":44,"column":3}},{"start":{},"end":{}}]},"5":{"loc":{"start":{"line":58,"column":17},"end":{"line":58,"column":44}},"type":"binary-expr","locations":[{"start":{"line":58,"column":17},"end":{"line":58,"column":36}},{"start":{"line":58,"column":40},"end":{"line":58,"column":44}}]},"6":{"loc":{"start":{"line":122,"column":11},"end":{"line":122,"column":47}},"type":"binary-expr","locations":[{"start":{"line":122,"column":11},"end":{"line":122,"column":26}},{"start":{"line":122,"column":30},"end":{"line":122,"column":47}}]},"7":{"loc":{"start":{"line":142,"column":26},"end":{"line":142,"column":58}},"type":"binary-expr","locations":[{"start":{"line":142,"column":26},"end":{"line":142,"column":45}},{"start":{"line":142,"column":49},"end":{"line":142,"column":58}}]},"8":{"loc":{"start":{"line":143,"column":25},"end":{"line":143,"column":56}},"type":"binary-expr","locations":[{"start":{"line":143,"column":25},"end":{"line":143,"column":43}},{"start":{"line":143,"column":47},"end":{"line":143,"column":56}}]}},"s":{"0":1,"1":1,"2":1,"3":1,"4":1,"5":1,"6":10,"7":3,"8":7,"9":7,"10":1,"11":6,"12":1,"13":5,"14":1,"15":13,"16":13,"17":13,"18":13,"19":13,"20":10,"21":2,"22":10,"23":4,"24":4,"25":4,"26":4,"27":4,"28":1,"29":3,"30":3,"31":3,"32":3,"33":3,"34":1,"35":7,"36":7,"37":6,"38":1,"39":1,"40":4,"41":4,"42":4,"43":4,"44":4,"45":3,"46":1},"f":{"0":10,"1":13,"2":13,"3":13,"4":13,"5":13,"6":2,"7":10,"8":4,"9":4,"10":4,"11":4,"12":1,"13":3,"14":3,"15":3,"16":3,"17":3,"18":1,"19":7,"20":4,"21":4,"22":4,"23":4,"24":4,"25":1},"b":{"0":[3,7],"1":[10,8],"2":[1,6],"3":[1,5],"4":[1,4],"5":[10,6],"6":[6,2],"7":[3,1],"8":[3,1]}}
,"E:\\GitHub\\ViewPageBrowserAI\\src\\background\\main.ts": {"path":"E:\\GitHub\\ViewPageBrowserAI\\src\\background\\main.ts","statementMap":{"0":{"start":{"line":3,"column":0},"end":{"line":3,"column":74}},"1":{"start":{"line":4,"column":0},"end":{"line":4,"column":63}},"2":{"start":{"line":7,"column":39},"end":{"line":7,"column":43}},"3":{"start":{"line":8,"column":17},"end":{"line":8,"column":21}},"4":{"start":{"line":15,"column":2},"end":{"line":28,"column":3}},"5":{"start":{"line":16,"column":19},"end":{"line":16,"column":42}},"6":{"start":{"line":17,"column":4},"end":{"line":20,"column":5}},"7":{"start":{"line":18,"column":6},"end":{"line":18,"column":57}},"8":{"start":{"line":19,"column":6},"end":{"line":19,"column":19}},"9":{"start":{"line":22,"column":4},"end":{"line":22,"column":43}},"10":{"start":{"line":23,"column":4},"end":{"line":23,"column":68}},"11":{"start":{"line":24,"column":4},"end":{"line":24,"column":16}},"12":{"start":{"line":26,"column":4},"end":{"line":26,"column":59}},"13":{"start":{"line":27,"column":4},"end":{"line":27,"column":17}},"14":{"start":{"line":31,"column":0},"end":{"line":36,"column":3}},"15":{"start":{"line":31,"column":56},"end":{"line":36,"column":2}},"16":{"start":{"line":32,"column":2},"end":{"line":35,"column":3}},"17":{"start":{"line":33,"column":4},"end":{"line":33,"column":39}},"18":{"start":{"line":34,"column":4},"end":{"line":34,"column":36}},"19":{"start":{"line":38,"column":0},"end":{"line":126,"column":3}},"20":{"start":{"line":39,"column":2},"end":{"line":125,"column":3}},"21":{"start":{"line":40,"column":34},"end":{"line":83,"column":6}},"22":{"start":{"line":40,"column":45},"end":{"line":83,"column":6}},"23":{"start":{"line":41,"column":6},"end":{"line":82,"column":7}},"24":{"start":{"line":43,"column":8},"end":{"line":49,"column":9}},"25":{"start":{"line":44,"column":30},"end":{"line":44,"column":56}},"26":{"start":{"line":45,"column":10},"end":{"line":48,"column":11}},"27":{"start":{"line":46,"column":12},"end":{"line":46,"column":119}},"28":{"start":{"line":47,"column":12},"end":{"line":47,"column":19}},"29":{"start":{"line":50,"column":51},"end":{"line":50,"column":58}},"30":{"start":{"line":51,"column":35},"end":{"line":51,"column":407}},"31":{"start":{"line":52,"column":32},"end":{"line":52,"column":113}},"32":{"start":{"line":53,"column":35},"end":{"line":53,"column":95}},"33":{"start":{"line":54,"column":33},"end":{"line":54,"column":73}},"34":{"start":{"line":55,"column":8},"end":{"line":55,"column":61}},"35":{"start":{"line":58,"column":30},"end":{"line":69,"column":10}},"36":{"start":{"line":71,"column":30},"end":{"line":71,"column":72}},"37":{"start":{"line":72,"column":40},"end":{"line":72,"column":94}},"38":{"start":{"line":74,"column":8},"end":{"line":74,"column":37}},"39":{"start":{"line":75,"column":8},"end":{"line":77,"column":11}},"40":{"start":{"line":80,"column":29},"end":{"line":80,"column":71}},"41":{"start":{"line":81,"column":8},"end":{"line":81,"column":78}},"42":{"start":{"line":84,"column":4},"end":{"line":84,"column":28}},"43":{"start":{"line":85,"column":4},"end":{"line":85,"column":16}},"44":{"start":{"line":88,"column":7},"end":{"line":125,"column":3}},"45":{"start":{"line":89,"column":28},"end":{"line":122,"column":6}},"46":{"start":{"line":89,"column":39},"end":{"line":122,"column":6}},"47":{"start":{"line":90,"column":6},"end":{"line":121,"column":7}},"48":{"start":{"line":92,"column":8},"end":{"line":98,"column":9}},"49":{"start":{"line":93,"column":30},"end":{"line":93,"column":56}},"50":{"start":{"line":94,"column":10},"end":{"line":97,"column":11}},"51":{"start":{"line":95,"column":12},"end":{"line":95,"column":119}},"52":{"start":{"line":96,"column":12},"end":{"line":96,"column":19}},"53":{"start":{"line":99,"column":42},"end":{"line":99,"column":57}},"54":{"start":{"line":100,"column":21},"end":{"line":100,"column":71}},"55":{"start":{"line":101,"column":8},"end":{"line":101,"column":90}},"56":{"start":{"line":101,"column":36},"end":{"line":101,"column":90}},"57":{"start":{"line":103,"column":52},"end":{"line":106,"column":10}},"58":{"start":{"line":105,"column":40},"end":{"line":105,"column":107}},"59":{"start":{"line":108,"column":23},"end":{"line":108,"column":90}},"60":{"start":{"line":109,"column":38},"end":{"line":109,"column":85}},"61":{"start":{"line":111,"column":8},"end":{"line":111,"column":50}},"62":{"start":{"line":113,"column":31},"end":{"line":113,"column":64}},"63":{"start":{"line":114,"column":36},"end":{"line":114,"column":88}},"64":{"start":{"line":115,"column":8},"end":{"line":117,"column":11}},"65":{"start":{"line":119,"column":29},"end":{"line":119,"column":71}},"66":{"start":{"line":120,"column":8},"end":{"line":120,"column":46}},"67":{"start":{"line":123,"column":4},"end":{"line":123,"column":22}},"68":{"start":{"line":124,"column":4},"end":{"line":124,"column":16}}},"fnMap":{"0":{"name":"initializeGeminiAI","decl":{"start":{"line":14,"column":15},"end":{"line":14,"column":33}},"loc":{"start":{"line":14,"column":33},"end":{"line":29,"column":null}}},"1":{"name":"(anonymous_9)","decl":{"start":{"line":31,"column":38},"end":{"line":31,"column":45}},"loc":{"start":{"line":31,"column":56},"end":{"line":36,"column":2}}},"2":{"name":"(anonymous_10)","decl":{"start":{"line":31,"column":56},"end":{"line":31,"column":null}},"loc":{"start":{"line":31,"column":56},"end":{"line":36,"column":1}}},"3":{"name":"(anonymous_11)","decl":{"start":{"line":38,"column":37},"end":{"line":38,"column":38}},"loc":{"start":{"line":38,"column":71},"end":{"line":126,"column":1}}},"4":{"name":"(anonymous_12)","decl":{"start":{"line":40,"column":34},"end":{"line":40,"column":43}},"loc":{"start":{"line":40,"column":45},"end":{"line":83,"column":6}}},"5":{"name":"(anonymous_13)","decl":{"start":{"line":40,"column":45},"end":{"line":40,"column":null}},"loc":{"start":{"line":40,"column":45},"end":{"line":83,"column":5}}},"6":{"name":"(anonymous_14)","decl":{"start":{"line":89,"column":28},"end":{"line":89,"column":37}},"loc":{"start":{"line":89,"column":39},"end":{"line":122,"column":6}}},"7":{"name":"(anonymous_15)","decl":{"start":{"line":89,"column":39},"end":{"line":89,"column":null}},"loc":{"start":{"line":89,"column":39},"end":{"line":122,"column":5}}},"8":{"name":"(anonymous_16)","decl":{"start":{"line":105,"column":32},"end":{"line":105,"column":35}},"loc":{"start":{"line":105,"column":40},"end":{"line":105,"column":107}}}},"branchMap":{"0":{"loc":{"start":{"line":17,"column":4},"end":{"line":20,"column":5}},"type":"if","locations":[{"start":{"line":17,"column":4},"end":{"line":20,"column":5}},{"start":{},"end":{}}]},"1":{"loc":{"start":{"line":32,"column":2},"end":{"line":35,"column":3}},"type":"if","locations":[{"start":{"line":32,"column":2},"end":{"line":35,"column":3}},{"start":{},"end":{}}]},"2":{"loc":{"start":{"line":39,"column":2},"end":{"line":125,"column":3}},"type":"if","locations":[{"start":{"line":39,"column":2},"end":{"line":125,"column":3}},{"start":{"line":88,"column":7},"end":{"line":125,"column":3}}]},"3":{"loc":{"start":{"line":43,"column":8},"end":{"line":49,"column":9}},"type":"if","locations":[{"start":{"line":43,"column":8},"end":{"line":49,"column":9}},{"start":{},"end":{}}]},"4":{"loc":{"start":{"line":45,"column":10},"end":{"line":48,"column":11}},"type":"if","locations":[{"start":{"line":45,"column":10},"end":{"line":48,"column":11}},{"start":{},"end":{}}]},"5":{"loc":{"start":{"line":76,"column":37},"end":{"line":76,"column":52}},"type":"cond-expr","locations":[{"start":{"line":76,"column":47},"end":{"line":76,"column":49}},{"start":{"line":76,"column":47},"end":{"line":76,"column":52}}]},"6":{"loc":{"start":{"line":76,"column":37},"end":{"line":76,"column":49}},"type":"binary-expr","locations":[{"start":{"line":76,"column":37},"end":{"line":76,"column":49}},{"start":{"line":76,"column":47},"end":{"line":76,"column":49}}]},"7":{"loc":{"start":{"line":80,"column":29},"end":{"line":80,"column":71}},"type":"cond-expr","locations":[{"start":{"line":80,"column":50},"end":{"line":80,"column":59}},{"start":{"line":80,"column":62},"end":{"line":80,"column":71}}]},"8":{"loc":{"start":{"line":88,"column":7},"end":{"line":125,"column":3}},"type":"if","locations":[{"start":{"line":88,"column":7},"end":{"line":125,"column":3}},{"start":{},"end":{}}]},"9":{"loc":{"start":{"line":92,"column":8},"end":{"line":98,"column":9}},"type":"if","locations":[{"start":{"line":92,"column":8},"end":{"line":98,"column":9}},{"start":{},"end":{}}]},"10":{"loc":{"start":{"line":94,"column":10},"end":{"line":97,"column":11}},"type":"if","locations":[{"start":{"line":94,"column":10},"end":{"line":97,"column":11}},{"start":{},"end":{}}]},"11":{"loc":{"start":{"line":101,"column":8},"end":{"line":101,"column":90}},"type":"if","locations":[{"start":{"line":101,"column":8},"end":{"line":101,"column":90}},{"start":{},"end":{}}]},"12":{"loc":{"start":{"line":119,"column":29},"end":{"line":119,"column":71}},"type":"cond-expr","locations":[{"start":{"line":119,"column":50},"end":{"line":119,"column":59}},{"start":{"line":119,"column":62},"end":{"line":119,"column":71}}]}},"s":{"0":0,"1":0,"2":0,"3":0,"4":0,"5":0,"6":0,"7":0,"8":0,"9":0,"10":0,"11":0,"12":0,"13":0,"14":0,"15":0,"16":0,"17":0,"18":0,"19":0,"20":0,"21":0,"22":0,"23":0,"24":0,"25":0,"26":0,"27":0,"28":0,"29":0,"30":0,"31":0,"32":0,"33":0,"34":0,"35":0,"36":0,"37":0,"38":0,"39":0,"40":0,"41":0,"42":0,"43":0,"44":0,"45":0,"46":0,"47":0,"48":0,"49":0,"50":0,"51":0,"52":0,"53":0,"54":0,"55":0,"56":0,"57":0,"58":0,"59":0,"60":0,"61":0,"62":0,"63":0,"64":0,"65":0,"66":0,"67":0,"68":0},"f":{"0":0,"1":0,"2":0,"3":0,"4":0,"5":0,"6":0,"7":0,"8":0},"b":{"0":[0,0],"1":[0,0],"2":[0,0],"3":[0,0],"4":[0,0],"5":[0,0],"6":[0,0],"7":[0,0],"8":[0,0],"9":[0,0],"10":[0,0],"11":[0,0],"12":[0,0]}}
,"E:\\GitHub\\ViewPageBrowserAI\\src\\content\\main.ts": {"path":"E:\\GitHub\\ViewPageBrowserAI\\src\\content\\main.ts","statementMap":{"0":{"start":{"line":3,"column":0},"end":{"line":66,"column":3}},"1":{"start":{"line":4,"column":2},"end":{"line":65,"column":3}},"2":{"start":{"line":5,"column":4},"end":{"line":5,"column":88}},"3":{"start":{"line":7,"column":27},"end":{"line":24,"column":5}},"4":{"start":{"line":9,"column":8},"end":{"line":14,"column":21}},"5":{"start":{"line":16,"column":24},"end":{"line":16,"column":73}},"6":{"start":{"line":17,"column":6},"end":{"line":17,"column":124}},"7":{"start":{"line":17,"column":111},"end":{"line":17,"column":122}},"8":{"start":{"line":19,"column":6},"end":{"line":23,"column":8}},"9":{"start":{"line":27,"column":29},"end":{"line":27,"column":77}},"10":{"start":{"line":30,"column":4},"end":{"line":62,"column":5}},"11":{"start":{"line":31,"column":23},"end":{"line":39,"column":8}},"12":{"start":{"line":33,"column":8},"end":{"line":38,"column":9}},"13":{"start":{"line":34,"column":10},"end":{"line":34,"column":67}},"14":{"start":{"line":35,"column":10},"end":{"line":35,"column":41}},"15":{"start":{"line":36,"column":10},"end":{"line":36,"column":27}},"16":{"start":{"line":37,"column":10},"end":{"line":37,"column":17}},"17":{"start":{"line":41,"column":6},"end":{"line":44,"column":9}},"18":{"start":{"line":47,"column":6},"end":{"line":56,"column":15}},"19":{"start":{"line":48,"column":8},"end":{"line":48,"column":80}},"20":{"start":{"line":49,"column":8},"end":{"line":49,"column":30}},"21":{"start":{"line":51,"column":8},"end":{"line":55,"column":9}},"22":{"start":{"line":52,"column":10},"end":{"line":52,"column":41}},"23":{"start":{"line":60,"column":6},"end":{"line":60,"column":89}},"24":{"start":{"line":61,"column":6},"end":{"line":61,"column":37}},"25":{"start":{"line":64,"column":4},"end":{"line":64,"column":16}},"26":{"start":{"line":68,"column":0},"end":{"line":68,"column":63}}},"fnMap":{"0":{"name":"(anonymous_0)","decl":{"start":{"line":3,"column":37},"end":{"line":3,"column":38}},"loc":{"start":{"line":3,"column":71},"end":{"line":66,"column":1}}},"1":{"name":"(anonymous_1)","decl":{"start":{"line":7,"column":27},"end":{"line":7,"column":30}},"loc":{"start":{"line":7,"column":32},"end":{"line":24,"column":5}}},"2":{"name":"(anonymous_2)","decl":{"start":{"line":17,"column":105},"end":{"line":17,"column":107}},"loc":{"start":{"line":17,"column":111},"end":{"line":17,"column":122}}},"3":{"name":"(anonymous_3)","decl":{"start":{"line":31,"column":44},"end":{"line":31,"column":45}},"loc":{"start":{"line":31,"column":63},"end":{"line":39,"column":7}}},"4":{"name":"(anonymous_4)","decl":{"start":{"line":47,"column":17},"end":{"line":47,"column":20}},"loc":{"start":{"line":47,"column":22},"end":{"line":56,"column":7}}}},"branchMap":{"0":{"loc":{"start":{"line":4,"column":2},"end":{"line":65,"column":3}},"type":"if","locations":[{"start":{"line":4,"column":2},"end":{"line":65,"column":3}},{"start":{},"end":{}}]},"1":{"loc":{"start":{"line":9,"column":8},"end":{"line":14,"column":21}},"type":"binary-expr","locations":[{"start":{"line":9,"column":8},"end":{"line":9,"column":38}},{"start":{"line":10,"column":8},"end":{"line":10,"column":41}},{"start":{"line":11,"column":8},"end":{"line":11,"column":47}},{"start":{"line":13,"column":8},"end":{"line":13,"column":72}},{"start":{"line":14,"column":8},"end":{"line":14,"column":21}}]},"2":{"loc":{"start":{"line":30,"column":4},"end":{"line":62,"column":5}},"type":"if","locations":[{"start":{"line":30,"column":4},"end":{"line":62,"column":5}},{"start":{"line":58,"column":11},"end":{"line":62,"column":5}}]},"3":{"loc":{"start":{"line":30,"column":8},"end":{"line":30,"column":66}},"type":"binary-expr","locations":[{"start":{"line":30,"column":8},"end":{"line":30,"column":24}},{"start":{"line":30,"column":28},"end":{"line":30,"column":66}}]},"4":{"loc":{"start":{"line":33,"column":8},"end":{"line":38,"column":9}},"type":"if","locations":[{"start":{"line":33,"column":8},"end":{"line":38,"column":9}},{"start":{},"end":{}}]}},"s":{"0":0,"1":0,"2":0,"3":0,"4":0,"5":0,"6":0,"7":0,"8":0,"9":0,"10":0,"11":0,"12":0,"13":0,"14":0,"15":0,"16":0,"17":0,"18":0,"19":0,"20":0,"21":0,"22":0,"23":0,"24":0,"25":0,"26":0},"f":{"0":0,"1":0,"2":0,"3":0,"4":0},"b":{"0":[0,0],"1":[0,0,0,0,0],"2":[0,0],"3":[0,0],"4":[0,0]}}
,"E:\\GitHub\\ViewPageBrowserAI\\src\\ui\\main.tsx": {"path":"E:\\GitHub\\ViewPageBrowserAI\\src\\ui\\main.tsx","statementMap":{"0":{"start":{"line":3,"column":0},"end":{"line":3,"column":59}},"1":{"start":{"line":4,"column":0},"end":{"line":4,"column":40}},"2":{"start":{"line":5,"column":0},"end":{"line":5,"column":43}},"3":{"start":{"line":6,"column":0},"end":{"line":6,"column":35}},"4":{"start":{"line":13,"column":12},"end":{"line":129,"column":1}},"5":{"start":{"line":14,"column":34},"end":{"line":14,"column":57}},"6":{"start":{"line":15,"column":28},"end":{"line":15,"column":48}},"7":{"start":{"line":16,"column":32},"end":{"line":16,"column":55}},"8":{"start":{"line":17,"column":25},"end":{"line":17,"column":53}},"9":{"start":{"line":18,"column":25},"end":{"line":18,"column":38}},"10":{"start":{"line":20,"column":2},"end":{"line":67,"column":9}},"11":{"start":{"line":21,"column":4},"end":{"line":21,"column":39}},"12":{"start":{"line":21,"column":32},"end":{"line":21,"column":39}},"13":{"start":{"line":22,"column":4},"end":{"line":22,"column":34}},"14":{"start":{"line":24,"column":23},"end":{"line":56,"column":6}},"15":{"start":{"line":24,"column":34},"end":{"line":56,"column":6}},"16":{"start":{"line":25,"column":19},"end":{"line":25,"column":71}},"17":{"start":{"line":26,"column":6},"end":{"line":55,"column":7}},"18":{"start":{"line":27,"column":8},"end":{"line":27,"column":53}},"19":{"start":{"line":28,"column":8},"end":{"line":28,"column":26}},"20":{"start":{"line":30,"column":8},"end":{"line":30,"column":25}},"21":{"start":{"line":31,"column":22},"end":{"line":31,"column":84}},"22":{"start":{"line":32,"column":8},"end":{"line":54,"column":9}},"23":{"start":{"line":33,"column":10},"end":{"line":53,"column":11}},"24":{"start":{"line":34,"column":12},"end":{"line":34,"column":108}},"25":{"start":{"line":35,"column":32},"end":{"line":35,"column":99}},"26":{"start":{"line":36,"column":38},"end":{"line":36,"column":120}},"27":{"start":{"line":38,"column":12},"end":{"line":49,"column":14}},"28":{"start":{"line":41,"column":16},"end":{"line":46,"column":17}},"29":{"start":{"line":42,"column":39},"end":{"line":42,"column":114}},"30":{"start":{"line":43,"column":18},"end":{"line":43,"column":82}},"31":{"start":{"line":45,"column":18},"end":{"line":45,"column":72}},"32":{"start":{"line":47,"column":16},"end":{"line":47,"column":34}},"33":{"start":{"line":51,"column":12},"end":{"line":51,"column":90}},"34":{"start":{"line":52,"column":12},"end":{"line":52,"column":30}},"35":{"start":{"line":57,"column":4},"end":{"line":57,"column":17}},"36":{"start":{"line":59,"column":28},"end":{"line":64,"column":5}},"37":{"start":{"line":60,"column":6},"end":{"line":63,"column":7}},"38":{"start":{"line":61,"column":8},"end":{"line":61,"column":71}},"39":{"start":{"line":62,"column":8},"end":{"line":62,"column":26}},"40":{"start":{"line":65,"column":4},"end":{"line":65,"column":58}},"41":{"start":{"line":66,"column":4},"end":{"line":66,"column":74}},"42":{"start":{"line":66,"column":17},"end":{"line":66,"column":73}},"43":{"start":{"line":69,"column":2},"end":{"line":69,"column":144}},"44":{"start":{"line":69,"column":20},"end":{"line":69,"column":119}},"45":{"start":{"line":69,"column":48},"end":{"line":69,"column":119}},"46":{"start":{"line":71,"column":28},"end":{"line":90,"column":3}},"47":{"start":{"line":72,"column":4},"end":{"line":72,"column":41}},"48":{"start":{"line":72,"column":34},"end":{"line":72,"column":41}},"49":{"start":{"line":73,"column":33},"end":{"line":73,"column":62}},"50":{"start":{"line":74,"column":24},"end":{"line":74,"column":50}},"51":{"start":{"line":75,"column":4},"end":{"line":75,"column":29}},"52":{"start":{"line":75,"column":30},"end":{"line":75,"column":43}},"53":{"start":{"line":75,"column":44},"end":{"line":75,"column":61}},"54":{"start":{"line":76,"column":4},"end":{"line":89,"column":6}},"55":{"start":{"line":79,"column":8},"end":{"line":86,"column":9}},"56":{"start":{"line":80,"column":31},"end":{"line":80,"column":106}},"57":{"start":{"line":81,"column":36},"end":{"line":81,"column":84}},"58":{"start":{"line":82,"column":10},"end":{"line":82,"column":50}},"59":{"start":{"line":84,"column":40},"end":{"line":84,"column":78}},"60":{"start":{"line":85,"column":10},"end":{"line":85,"column":54}},"61":{"start":{"line":87,"column":8},"end":{"line":87,"column":26}},"62":{"start":{"line":92,"column":46},"end":{"line":92,"column":184}},"63":{"start":{"line":93,"column":44},"end":{"line":93,"column":120}},"64":{"start":{"line":94,"column":30},"end":{"line":98,"column":4}},"65":{"start":{"line":94,"column":70},"end":{"line":98,"column":4}},"66":{"start":{"line":99,"column":23},"end":{"line":106,"column":4}},"67":{"start":{"line":99,"column":63},"end":{"line":106,"column":4}},"68":{"start":{"line":107,"column":46},"end":{"line":107,"column":133}},"69":{"start":{"line":108,"column":42},"end":{"line":108,"column":142}},"70":{"start":{"line":110,"column":2},"end":{"line":128,"column":4}},"71":{"start":{"line":114,"column":10},"end":{"line":114,"column":27}},"72":{"start":{"line":124,"column":77},"end":{"line":124,"column":101}},"73":{"start":{"line":124,"column":122},"end":{"line":124,"column":162}},"74":{"start":{"line":131,"column":13},"end":{"line":131,"column":66}},"75":{"start":{"line":133,"column":0},"end":{"line":133,"column":58}}},"fnMap":{"0":{"name":"(anonymous_17)","decl":{"start":{"line":13,"column":12},"end":{"line":13,"column":15}},"loc":{"start":{"line":13,"column":17},"end":{"line":129,"column":1}}},"1":{"name":"(anonymous_18)","decl":{"start":{"line":20,"column":12},"end":{"line":20,"column":15}},"loc":{"start":{"line":20,"column":17},"end":{"line":67,"column":3}}},"2":{"name":"(anonymous_19)","decl":{"start":{"line":24,"column":23},"end":{"line":24,"column":32}},"loc":{"start":{"line":24,"column":34},"end":{"line":56,"column":6}}},"3":{"name":"(anonymous_20)","decl":{"start":{"line":24,"column":34},"end":{"line":24,"column":null}},"loc":{"start":{"line":24,"column":34},"end":{"line":56,"column":5}}},"4":{"name":"(anonymous_21)","decl":{"start":{"line":40,"column":14},"end":{"line":40,"column":15}},"loc":{"start":{"line":40,"column":27},"end":{"line":48,"column":15}}},"5":{"name":"(anonymous_22)","decl":{"start":{"line":59,"column":28},"end":{"line":59,"column":29}},"loc":{"start":{"line":59,"column":89},"end":{"line":64,"column":5}}},"6":{"name":"(anonymous_23)","decl":{"start":{"line":66,"column":11},"end":{"line":66,"column":14}},"loc":{"start":{"line":66,"column":17},"end":{"line":66,"column":73}}},"7":{"name":"(anonymous_24)","decl":{"start":{"line":69,"column":12},"end":{"line":69,"column":15}},"loc":{"start":{"line":69,"column":17},"end":{"line":69,"column":121}}},"8":{"name":"(anonymous_25)","decl":{"start":{"line":71,"column":28},"end":{"line":71,"column":31}},"loc":{"start":{"line":71,"column":33},"end":{"line":90,"column":3}}},"9":{"name":"(anonymous_26)","decl":{"start":{"line":78,"column":6},"end":{"line":78,"column":7}},"loc":{"start":{"line":78,"column":19},"end":{"line":88,"column":7}}},"10":{"name":"(anonymous_27)","decl":{"start":{"line":94,"column":30},"end":{"line":94,"column":31}},"loc":{"start":{"line":94,"column":70},"end":{"line":98,"column":4}}},"11":{"name":"(anonymous_28)","decl":{"start":{"line":99,"column":23},"end":{"line":99,"column":24}},"loc":{"start":{"line":99,"column":63},"end":{"line":106,"column":4}}},"12":{"name":"(anonymous_29)","decl":{"start":{"line":113,"column":22},"end":{"line":113,"column":23}},"loc":{"start":{"line":114,"column":10},"end":{"line":114,"column":27}}},"13":{"name":"(anonymous_30)","decl":{"start":{"line":124,"column":70},"end":{"line":124,"column":71}},"loc":{"start":{"line":124,"column":77},"end":{"line":124,"column":101}}},"14":{"name":"(anonymous_31)","decl":{"start":{"line":124,"column":115},"end":{"line":124,"column":116}},"loc":{"start":{"line":124,"column":122},"end":{"line":124,"column":162}}}},"branchMap":{"0":{"loc":{"start":{"line":21,"column":4},"end":{"line":21,"column":39}},"type":"if","locations":[{"start":{"line":21,"column":4},"end":{"line":21,"column":39}},{"start":{},"end":{}}]},"1":{"loc":{"start":{"line":26,"column":6},"end":{"line":55,"column":7}},"type":"if","locations":[{"start":{"line":26,"column":6},"end":{"line":55,"column":7}},{"start":{"line":29,"column":13},"end":{"line":55,"column":7}}]},"2":{"loc":{"start":{"line":26,"column":10},"end":{"line":26,"column":79}},"type":"binary-expr","locations":[{"start":{"line":26,"column":10},"end":{"line":26,"column":33}},{"start":{"line":26,"column":37},"end":{"line":26,"column":79}}]},"3":{"loc":{"start":{"line":32,"column":8},"end":{"line":54,"column":9}},"type":"if","locations":[{"start":{"line":32,"column":8},"end":{"line":54,"column":9}},{"start":{},"end":{}}]},"4":{"loc":{"start":{"line":32,"column":12},"end":{"line":32,"column":25}},"type":"binary-expr","locations":[{"start":{"line":32,"column":12},"end":{"line":32,"column":15}},{"start":{"line":32,"column":19},"end":{"line":32,"column":25}}]},"5":{"loc":{"start":{"line":41,"column":16},"end":{"line":46,"column":17}},"type":"if","locations":[{"start":{"line":41,"column":16},"end":{"line":46,"column":17}},{"start":{"line":44,"column":23},"end":{"line":46,"column":17}}]},"6":{"loc":{"start":{"line":41,"column":20},"end":{"line":41,"column":75}},"type":"binary-expr","locations":[{"start":{"line":41,"column":20},"end":{"line":41,"column":44}},{"start":{"line":41,"column":48},"end":{"line":41,"column":57}},{"start":{"line":41,"column":61},"end":{"line":41,"column":75}}]},"7":{"loc":{"start":{"line":42,"column":39},"end":{"line":42,"column":114}},"type":"binary-expr","locations":[{"start":{"line":42,"column":39},"end":{"line":42,"column":72}},{"start":{"line":42,"column":76},"end":{"line":42,"column":91}},{"start":{"line":42,"column":95},"end":{"line":42,"column":114}}]},"8":{"loc":{"start":{"line":42,"column":39},"end":{"line":42,"column":72}},"type":"cond-expr","locations":[{"start":{"line":42,"column":63},"end":{"line":42,"column":65}},{"start":{"line":42,"column":63},"end":{"line":42,"column":72}}]},"9":{"loc":{"start":{"line":42,"column":39},"end":{"line":42,"column":65}},"type":"binary-expr","locations":[{"start":{"line":42,"column":39},"end":{"line":42,"column":65}},{"start":{"line":42,"column":63},"end":{"line":42,"column":65}}]},"10":{"loc":{"start":{"line":42,"column":76},"end":{"line":42,"column":91}},"type":"cond-expr","locations":[{"start":{"line":42,"column":84},"end":{"line":42,"column":86}},{"start":{"line":42,"column":76},"end":{"line":42,"column":91}}]},"11":{"loc":{"start":{"line":42,"column":76},"end":{"line":42,"column":86}},"type":"binary-expr","locations":[{"start":{"line":42,"column":76},"end":{"line":42,"column":86}},{"start":{"line":42,"column":76},"end":{"line":42,"column":86}}]},"12":{"loc":{"start":{"line":60,"column":6},"end":{"line":63,"column":7}},"type":"if","locations":[{"start":{"line":60,"column":6},"end":{"line":63,"column":7}},{"start":{},"end":{}}]},"13":{"loc":{"start":{"line":61,"column":20},"end":{"line":61,"column":69}},"type":"binary-expr","locations":[{"start":{"line":61,"column":20},"end":{"line":61,"column":63}},{"start":{"line":61,"column":67},"end":{"line":61,"column":69}}]},"14":{"loc":{"start":{"line":69,"column":20},"end":{"line":69,"column":119}},"type":"if","locations":[{"start":{"line":69,"column":20},"end":{"line":69,"column":119}},{"start":{},"end":{}}]},"15":{"loc":{"start":{"line":72,"column":4},"end":{"line":72,"column":41}},"type":"if","locations":[{"start":{"line":72,"column":4},"end":{"line":72,"column":41}},{"start":{},"end":{}}]},"16":{"loc":{"start":{"line":72,"column":8},"end":{"line":72,"column":32}},"type":"binary-expr","locations":[{"start":{"line":72,"column":8},"end":{"line":72,"column":21}},{"start":{"line":72,"column":25},"end":{"line":72,"column":32}}]},"17":{"loc":{"start":{"line":79,"column":8},"end":{"line":86,"column":9}},"type":"if","locations":[{"start":{"line":79,"column":8},"end":{"line":86,"column":9}},{"start":{"line":83,"column":15},"end":{"line":86,"column":9}}]},"18":{"loc":{"start":{"line":79,"column":12},"end":{"line":79,"column":67}},"type":"binary-expr","locations":[{"start":{"line":79,"column":12},"end":{"line":79,"column":36}},{"start":{"line":79,"column":40},"end":{"line":79,"column":49}},{"start":{"line":79,"column":53},"end":{"line":79,"column":67}}]},"19":{"loc":{"start":{"line":80,"column":31},"end":{"line":80,"column":106}},"type":"binary-expr","locations":[{"start":{"line":80,"column":31},"end":{"line":80,"column":64}},{"start":{"line":80,"column":68},"end":{"line":80,"column":83}},{"start":{"line":80,"column":87},"end":{"line":80,"column":106}}]},"20":{"loc":{"start":{"line":80,"column":31},"end":{"line":80,"column":64}},"type":"cond-expr","locations":[{"start":{"line":80,"column":55},"end":{"line":80,"column":57}},{"start":{"line":80,"column":55},"end":{"line":80,"column":64}}]},"21":{"loc":{"start":{"line":80,"column":31},"end":{"line":80,"column":57}},"type":"binary-expr","locations":[{"start":{"line":80,"column":31},"end":{"line":80,"column":57}},{"start":{"line":80,"column":55},"end":{"line":80,"column":57}}]},"22":{"loc":{"start":{"line":80,"column":68},"end":{"line":80,"column":83}},"type":"cond-expr","locations":[{"start":{"line":80,"column":76},"end":{"line":80,"column":78}},{"start":{"line":80,"column":68},"end":{"line":80,"column":83}}]},"23":{"loc":{"start":{"line":80,"column":68},"end":{"line":80,"column":78}},"type":"binary-expr","locations":[{"start":{"line":80,"column":68},"end":{"line":80,"column":78}},{"start":{"line":80,"column":68},"end":{"line":80,"column":78}}]},"24":{"loc":{"start":{"line":96,"column":20},"end":{"line":96,"column":63}},"type":"cond-expr","locations":[{"start":{"line":96,"column":38},"end":{"line":96,"column":48}},{"start":{"line":96,"column":51},"end":{"line":96,"column":63}}]},"25":{"loc":{"start":{"line":104,"column":21},"end":{"line":104,"column":60}},"type":"cond-expr","locations":[{"start":{"line":104,"column":39},"end":{"line":104,"column":48}},{"start":{"line":104,"column":51},"end":{"line":104,"column":60}}]},"26":{"loc":{"start":{"line":105,"column":11},"end":{"line":105,"column":46}},"type":"cond-expr","locations":[{"start":{"line":105,"column":29},"end":{"line":105,"column":36}},{"start":{"line":105,"column":39},"end":{"line":105,"column":46}}]},"27":{"loc":{"start":{"line":121,"column":9},"end":{"line":121,"column":53}},"type":"binary-expr","locations":[{"start":{"line":121,"column":9},"end":{"line":121,"column":16}},{"start":{"line":121,"column":20},"end":{"line":121,"column":53}}]},"28":{"loc":{"start":{"line":124,"column":122},"end":{"line":124,"column":162}},"type":"binary-expr","locations":[{"start":{"line":124,"column":122},"end":{"line":124,"column":139}},{"start":{"line":124,"column":143},"end":{"line":124,"column":162}}]}},"s":{"0":0,"1":0,"2":0,"3":0,"4":0,"5":0,"6":0,"7":0,"8":0,"9":0,"10":0,"11":0,"12":0,"13":0,"14":0,"15":0,"16":0,"17":0,"18":0,"19":0,"20":0,"21":0,"22":0,"23":0,"24":0,"25":0,"26":0,"27":0,"28":0,"29":0,"30":0,"31":0,"32":0,"33":0,"34":0,"35":0,"36":0,"37":0,"38":0,"39":0,"40":0,"41":0,"42":0,"43":0,"44":0,"45":0,"46":0,"47":0,"48":0,"49":0,"50":0,"51":0,"52":0,"53":0,"54":0,"55":0,"56":0,"57":0,"58":0,"59":0,"60":0,"61":0,"62":0,"63":0,"64":0,"65":0,"66":0,"67":0,"68":0,"69":0,"70":0,"71":0,"72":0,"73":0,"74":0,"75":0},"f":{"0":0,"1":0,"2":0,"3":0,"4":0,"5":0,"6":0,"7":0,"8":0,"9":0,"10":0,"11":0,"12":0,"13":0,"14":0},"b":{"0":[0,0],"1":[0,0],"2":[0,0],"3":[0,0],"4":[0,0],"5":[0,0],"6":[0,0,0],"7":[0,0,0],"8":[0,0],"9":[0,0],"10":[0,0],"11":[0,0],"12":[0,0],"13":[0,0],"14":[0,0],"15":[0,0],"16":[0,0],"17":[0,0],"18":[0,0,0],"19":[0,0,0],"20":[0,0],"21":[0,0],"22":[0,0],"23":[0,0],"24":[0,0],"25":[0,0],"26":[0,0],"27":[0,0],"28":[0,0]}}
,"E:\\GitHub\\ViewPageBrowserAI\\src\\ui\\options.tsx": {"path":"E:\\GitHub\\ViewPageBrowserAI\\src\\ui\\options.tsx","statementMap":{"0":{"start":{"line":3,"column":0},"end":{"line":3,"column":51}},"1":{"start":{"line":4,"column":0},"end":{"line":4,"column":40}},"2":{"start":{"line":5,"column":0},"end":{"line":5,"column":111}},"3":{"start":{"line":7,"column":19},"end":{"line":274,"column":1}},"4":{"start":{"line":8,"column":35},"end":{"line":8,"column":55}},"5":{"start":{"line":9,"column":42},"end":{"line":9,"column":66}},"6":{"start":{"line":10,"column":32},"end":{"line":10,"column":55}},"7":{"start":{"line":11,"column":30},"end":{"line":11,"column":54}},"8":{"start":{"line":12,"column":32},"end":{"line":12,"column":107}},"9":{"start":{"line":14,"column":2},"end":{"line":16,"column":9}},"10":{"start":{"line":15,"column":4},"end":{"line":15,"column":24}},"11":{"start":{"line":18,"column":28},"end":{"line":38,"column":4}},"12":{"start":{"line":18,"column":39},"end":{"line":38,"column":4}},"13":{"start":{"line":19,"column":4},"end":{"line":37,"column":5}},"14":{"start":{"line":20,"column":6},"end":{"line":20,"column":23}},"15":{"start":{"line":21,"column":25},"end":{"line":21,"column":51}},"16":{"start":{"line":22,"column":6},"end":{"line":22,"column":34}},"17":{"start":{"line":24,"column":6},"end":{"line":31,"column":7}},"18":{"start":{"line":25,"column":27},"end":{"line":25,"column":50}},"19":{"start":{"line":26,"column":8},"end":{"line":30,"column":9}},"20":{"start":{"line":28,"column":28},"end":{"line":28,"column":108}},"21":{"start":{"line":29,"column":10},"end":{"line":29,"column":36}},"22":{"start":{"line":33,"column":6},"end":{"line":33,"column":61}},"23":{"start":{"line":34,"column":6},"end":{"line":34,"column":81}},"24":{"start":{"line":36,"column":6},"end":{"line":36,"column":24}},"25":{"start":{"line":40,"column":27},"end":{"line":64,"column":4}},"26":{"start":{"line":40,"column":38},"end":{"line":64,"column":4}},"27":{"start":{"line":41,"column":4},"end":{"line":44,"column":5}},"28":{"start":{"line":42,"column":6},"end":{"line":42,"column":82}},"29":{"start":{"line":43,"column":6},"end":{"line":43,"column":13}},"30":{"start":{"line":46,"column":4},"end":{"line":63,"column":5}},"31":{"start":{"line":47,"column":6},"end":{"line":47,"column":22}},"32":{"start":{"line":48,"column":6},"end":{"line":48,"column":23}},"33":{"start":{"line":50,"column":6},"end":{"line":50,"column":43}},"34":{"start":{"line":53,"column":6},"end":{"line":53,"column":74}},"35":{"start":{"line":54,"column":6},"end":{"line":54,"column":28}},"36":{"start":{"line":56,"column":24},"end":{"line":56,"column":92}},"37":{"start":{"line":57,"column":6},"end":{"line":57,"column":32}},"38":{"start":{"line":59,"column":6},"end":{"line":59,"column":54}},"39":{"start":{"line":60,"column":6},"end":{"line":60,"column":79}},"40":{"start":{"line":62,"column":6},"end":{"line":62,"column":23}},"41":{"start":{"line":66,"column":28},"end":{"line":87,"column":4}},"42":{"start":{"line":66,"column":39},"end":{"line":87,"column":4}},"43":{"start":{"line":67,"column":4},"end":{"line":69,"column":5}},"44":{"start":{"line":68,"column":6},"end":{"line":68,"column":13}},"45":{"start":{"line":71,"column":4},"end":{"line":86,"column":5}},"46":{"start":{"line":72,"column":6},"end":{"line":72,"column":22}},"47":{"start":{"line":73,"column":6},"end":{"line":73,"column":23}},"48":{"start":{"line":75,"column":6},"end":{"line":75,"column":32}},"49":{"start":{"line":78,"column":6},"end":{"line":78,"column":73}},"50":{"start":{"line":79,"column":6},"end":{"line":79,"column":29}},"51":{"start":{"line":80,"column":6},"end":{"line":80,"column":25}},"52":{"start":{"line":82,"column":6},"end":{"line":82,"column":55}},"53":{"start":{"line":83,"column":6},"end":{"line":83,"column":80}},"54":{"start":{"line":85,"column":6},"end":{"line":85,"column":23}},"55":{"start":{"line":89,"column":26},"end":{"line":92,"column":3}},"56":{"start":{"line":90,"column":4},"end":{"line":90,"column":23}},"57":{"start":{"line":91,"column":4},"end":{"line":91,"column":21}},"58":{"start":{"line":94,"column":2},"end":{"line":102,"column":3}},"59":{"start":{"line":95,"column":4},"end":{"line":101,"column":6}},"60":{"start":{"line":104,"column":2},"end":{"line":273,"column":4}},"61":{"start":{"line":208,"column":33},"end":{"line":208,"column":63}},"62":{"start":{"line":277,"column":0},"end":{"line":280,"column":1}},"63":{"start":{"line":278,"column":15},"end":{"line":278,"column":76}},"64":{"start":{"line":279,"column":2},"end":{"line":279,"column":67}}},"fnMap":{"0":{"name":"(anonymous_17)","decl":{"start":{"line":7,"column":19},"end":{"line":7,"column":22}},"loc":{"start":{"line":7,"column":24},"end":{"line":274,"column":1}}},"1":{"name":"(anonymous_18)","decl":{"start":{"line":14,"column":12},"end":{"line":14,"column":15}},"loc":{"start":{"line":14,"column":17},"end":{"line":16,"column":3}}},"2":{"name":"(anonymous_19)","decl":{"start":{"line":18,"column":28},"end":{"line":18,"column":37}},"loc":{"start":{"line":18,"column":39},"end":{"line":38,"column":4}}},"3":{"name":"(anonymous_20)","decl":{"start":{"line":18,"column":39},"end":{"line":18,"column":null}},"loc":{"start":{"line":18,"column":39},"end":{"line":38,"column":3}}},"4":{"name":"(anonymous_21)","decl":{"start":{"line":40,"column":27},"end":{"line":40,"column":36}},"loc":{"start":{"line":40,"column":38},"end":{"line":64,"column":4}}},"5":{"name":"(anonymous_22)","decl":{"start":{"line":40,"column":38},"end":{"line":40,"column":null}},"loc":{"start":{"line":40,"column":38},"end":{"line":64,"column":3}}},"6":{"name":"(anonymous_23)","decl":{"start":{"line":66,"column":28},"end":{"line":66,"column":37}},"loc":{"start":{"line":66,"column":39},"end":{"line":87,"column":4}}},"7":{"name":"(anonymous_24)","decl":{"start":{"line":66,"column":39},"end":{"line":66,"column":null}},"loc":{"start":{"line":66,"column":39},"end":{"line":87,"column":3}}},"8":{"name":"(anonymous_25)","decl":{"start":{"line":89,"column":26},"end":{"line":89,"column":29}},"loc":{"start":{"line":89,"column":31},"end":{"line":92,"column":3}}},"9":{"name":"(anonymous_26)","decl":{"start":{"line":208,"column":26},"end":{"line":208,"column":27}},"loc":{"start":{"line":208,"column":33},"end":{"line":208,"column":63}}}},"branchMap":{"0":{"loc":{"start":{"line":24,"column":6},"end":{"line":31,"column":7}},"type":"if","locations":[{"start":{"line":24,"column":6},"end":{"line":31,"column":7}},{"start":{},"end":{}}]},"1":{"loc":{"start":{"line":26,"column":8},"end":{"line":30,"column":9}},"type":"if","locations":[{"start":{"line":26,"column":8},"end":{"line":30,"column":9}},{"start":{},"end":{}}]},"2":{"loc":{"start":{"line":41,"column":4},"end":{"line":44,"column":5}},"type":"if","locations":[{"start":{"line":41,"column":4},"end":{"line":44,"column":5}},{"start":{},"end":{}}]},"3":{"loc":{"start":{"line":67,"column":4},"end":{"line":69,"column":5}},"type":"if","locations":[{"start":{"line":67,"column":4},"end":{"line":69,"column":5}},{"start":{},"end":{}}]},"4":{"loc":{"start":{"line":94,"column":2},"end":{"line":102,"column":3}},"type":"if","locations":[{"start":{"line":94,"column":2},"end":{"line":102,"column":3}},{"start":{},"end":{}}]},"5":{"loc":{"start":{"line":148,"column":11},"end":{"line":238,"column":null}},"type":"cond-expr","locations":[{"start":{"line":149,"column":12},"end":{"line":193,"column":null}},{"start":{"line":196,"column":12},"end":{"line":237,"column":null}}]},"6":{"loc":{"start":{"line":186,"column":28},"end":{"line":186,"column":62}},"type":"cond-expr","locations":[{"start":{"line":186,"column":37},"end":{"line":186,"column":50}},{"start":{"line":186,"column":53},"end":{"line":186,"column":62}}]},"7":{"loc":{"start":{"line":188,"column":29},"end":{"line":188,"column":45}},"type":"cond-expr","locations":[{"start":{"line":188,"column":38},"end":{"line":188,"column":41}},{"start":{"line":188,"column":44},"end":{"line":188,"column":45}}]},"8":{"loc":{"start":{"line":191,"column":19},"end":{"line":191,"column":62}},"type":"cond-expr","locations":[{"start":{"line":191,"column":28},"end":{"line":191,"column":42}},{"start":{"line":191,"column":45},"end":{"line":191,"column":62}}]},"9":{"loc":{"start":{"line":223,"column":26},"end":{"line":223,"column":50}},"type":"binary-expr","locations":[{"start":{"line":223,"column":26},"end":{"line":223,"column":32}},{"start":{"line":223,"column":36},"end":{"line":223,"column":50}}]},"10":{"loc":{"start":{"line":230,"column":26},"end":{"line":230,"column":78}},"type":"cond-expr","locations":[{"start":{"line":230,"column":53},"end":{"line":230,"column":66}},{"start":{"line":230,"column":69},"end":{"line":230,"column":78}}]},"11":{"loc":{"start":{"line":230,"column":26},"end":{"line":230,"column":50}},"type":"binary-expr","locations":[{"start":{"line":230,"column":26},"end":{"line":230,"column":32}},{"start":{"line":230,"column":36},"end":{"line":230,"column":50}}]},"12":{"loc":{"start":{"line":233,"column":27},"end":{"line":233,"column":61}},"type":"cond-expr","locations":[{"start":{"line":233,"column":54},"end":{"line":233,"column":57}},{"start":{"line":233,"column":60},"end":{"line":233,"column":61}}]},"13":{"loc":{"start":{"line":233,"column":27},"end":{"line":233,"column":51}},"type":"binary-expr","locations":[{"start":{"line":233,"column":27},"end":{"line":233,"column":33}},{"start":{"line":233,"column":37},"end":{"line":233,"column":51}}]},"14":{"loc":{"start":{"line":236,"column":17},"end":{"line":236,"column":58}},"type":"cond-expr","locations":[{"start":{"line":236,"column":26},"end":{"line":236,"column":39}},{"start":{"line":236,"column":42},"end":{"line":236,"column":58}}]},"15":{"loc":{"start":{"line":241,"column":11},"end":{"line":254,"column":null}},"type":"binary-expr","locations":[{"start":{"line":241,"column":11},"end":{"line":241,"column":18}},{"start":{"line":242,"column":12},"end":{"line":253,"column":null}}]},"16":{"loc":{"start":{"line":246,"column":31},"end":{"line":247,"column":77}},"type":"cond-expr","locations":[{"start":{"line":246,"column":60},"end":{"line":246,"column":69}},{"start":{"line":247,"column":29},"end":{"line":247,"column":77}}]},"17":{"loc":{"start":{"line":247,"column":29},"end":{"line":247,"column":77}},"type":"cond-expr","locations":[{"start":{"line":247,"column":56},"end":{"line":247,"column":65}},{"start":{"line":247,"column":68},"end":{"line":247,"column":77}}]},"18":{"loc":{"start":{"line":248,"column":21},"end":{"line":249,"column":69}},"type":"cond-expr","locations":[{"start":{"line":248,"column":50},"end":{"line":248,"column":59}},{"start":{"line":249,"column":21},"end":{"line":249,"column":69}}]},"19":{"loc":{"start":{"line":249,"column":21},"end":{"line":249,"column":69}},"type":"cond-expr","locations":[{"start":{"line":249,"column":48},"end":{"line":249,"column":57}},{"start":{"line":249,"column":60},"end":{"line":249,"column":69}}]},"20":{"loc":{"start":{"line":250,"column":35},"end":{"line":251,"column":82}},"type":"cond-expr","locations":[{"start":{"line":250,"column":64},"end":{"line":250,"column":73}},{"start":{"line":251,"column":34},"end":{"line":251,"column":82}}]},"21":{"loc":{"start":{"line":251,"column":34},"end":{"line":251,"column":82}},"type":"cond-expr","locations":[{"start":{"line":251,"column":61},"end":{"line":251,"column":70}},{"start":{"line":251,"column":73},"end":{"line":251,"column":82}}]},"22":{"loc":{"start":{"line":277,"column":0},"end":{"line":280,"column":1}},"type":"if","locations":[{"start":{"line":277,"column":0},"end":{"line":280,"column":1}},{"start":{},"end":{}}]}},"s":{"0":0,"1":0,"2":0,"3":0,"4":0,"5":0,"6":0,"7":0,"8":0,"9":0,"10":0,"11":0,"12":0,"13":0,"14":0,"15":0,"16":0,"17":0,"18":0,"19":0,"20":0,"21":0,"22":0,"23":0,"24":0,"25":0,"26":0,"27":0,"28":0,"29":0,"30":0,"31":0,"32":0,"33":0,"34":0,"35":0,"36":0,"37":0,"38":0,"39":0,"40":0,"41":0,"42":0,"43":0,"44":0,"45":0,"46":0,"47":0,"48":0,"49":0,"50":0,"51":0,"52":0,"53":0,"54":0,"55":0,"56":0,"57":0,"58":0,"59":0,"60":0,"61":0,"62":0,"63":0,"64":0},"f":{"0":0,"1":0,"2":0,"3":0,"4":0,"5":0,"6":0,"7":0,"8":0,"9":0},"b":{"0":[0,0],"1":[0,0],"2":[0,0],"3":[0,0],"4":[0,0],"5":[0,0],"6":[0,0],"7":[0,0],"8":[0,0],"9":[0,0],"10":[0,0],"11":[0,0],"12":[0,0],"13":[0,0],"14":[0,0],"15":[0,0],"16":[0,0],"17":[0,0],"18":[0,0],"19":[0,0],"20":[0,0],"21":[0,0],"22":[0,0]}}
,"E:\\GitHub\\ViewPageBrowserAI\\src\\utils\\errors.ts": {"path":"E:\\GitHub\\ViewPageBrowserAI\\src\\utils\\errors.ts","statementMap":{"0":{"start":{"line":248,"column":0},"end":{"line":248,"column":22}},"1":{"start":{"line":270,"column":0},"end":{"line":270,"column":22}},"2":{"start":{"line":13,"column":4},"end":{"line":13,"column":19}},"3":{"start":{"line":14,"column":4},"end":{"line":14,"column":38}},"4":{"start":{"line":15,"column":4},"end":{"line":15,"column":32}},"5":{"start":{"line":16,"column":4},"end":{"line":16,"column":27}},"6":{"start":{"line":19,"column":4},"end":{"line":21,"column":5}},"7":{"start":{"line":20,"column":6},"end":{"line":20,"column":54}},"8":{"start":{"line":28,"column":4},"end":{"line":36,"column":6}},"9":{"start":{"line":6,"column":0},"end":{"line":6,"column":22}},"10":{"start":{"line":47,"column":4},"end":{"line":47,"column":28}},"11":{"start":{"line":46,"column":47},"end":{"line":46,"column":66}},"12":{"start":{"line":44,"column":11},"end":{"line":44,"column":34}},"13":{"start":{"line":43,"column":0},"end":{"line":43,"column":13}},"14":{"start":{"line":63,"column":4},"end":{"line":63,"column":47}},"15":{"start":{"line":59,"column":20},"end":{"line":59,"column":39}},"16":{"start":{"line":60,"column":20},"end":{"line":60,"column":39}},"17":{"start":{"line":55,"column":11},"end":{"line":55,"column":37}},"18":{"start":{"line":54,"column":0},"end":{"line":54,"column":13}},"19":{"start":{"line":74,"column":4},"end":{"line":74,"column":28}},"20":{"start":{"line":73,"column":47},"end":{"line":73,"column":66}},"21":{"start":{"line":71,"column":11},"end":{"line":71,"column":34}},"22":{"start":{"line":70,"column":0},"end":{"line":70,"column":13}},"23":{"start":{"line":85,"column":4},"end":{"line":85,"column":28}},"24":{"start":{"line":84,"column":47},"end":{"line":84,"column":66}},"25":{"start":{"line":82,"column":11},"end":{"line":82,"column":39}},"26":{"start":{"line":81,"column":0},"end":{"line":81,"column":13}},"27":{"start":{"line":101,"column":4},"end":{"line":101,"column":42}},"28":{"start":{"line":97,"column":20},"end":{"line":97,"column":39}},"29":{"start":{"line":98,"column":20},"end":{"line":98,"column":34}},"30":{"start":{"line":93,"column":11},"end":{"line":93,"column":37}},"31":{"start":{"line":92,"column":0},"end":{"line":92,"column":13}},"32":{"start":{"line":117,"column":4},"end":{"line":117,"column":46}},"33":{"start":{"line":113,"column":20},"end":{"line":113,"column":39}},"34":{"start":{"line":114,"column":20},"end":{"line":114,"column":37}},"35":{"start":{"line":109,"column":11},"end":{"line":109,"column":34}},"36":{"start":{"line":108,"column":0},"end":{"line":108,"column":13}},"37":{"start":{"line":126,"column":4},"end":{"line":130,"column":6}},"38":{"start":{"line":134,"column":4},"end":{"line":138,"column":6}},"39":{"start":{"line":142,"column":20},"end":{"line":142,"column":64}},"40":{"start":{"line":143,"column":22},"end":{"line":143,"column":87}},"41":{"start":{"line":145,"column":4},"end":{"line":151,"column":5}},"42":{"start":{"line":146,"column":6},"end":{"line":146,"column":88}},"43":{"start":{"line":147,"column":11},"end":{"line":151,"column":5}},"44":{"start":{"line":148,"column":6},"end":{"line":148,"column":68}},"45":{"start":{"line":149,"column":11},"end":{"line":151,"column":5}},"46":{"start":{"line":150,"column":6},"end":{"line":150,"column":93}},"47":{"start":{"line":153,"column":4},"end":{"line":153,"column":90}},"48":{"start":{"line":157,"column":4},"end":{"line":161,"column":6}},"49":{"start":{"line":165,"column":4},"end":{"line":169,"column":6}},"50":{"start":{"line":173,"column":4},"end":{"line":178,"column":6}},"51":{"start":{"line":182,"column":4},"end":{"line":187,"column":6}},"52":{"start":{"line":124,"column":0},"end":{"line":124,"column":13}},"53":{"start":{"line":202,"column":4},"end":{"line":202,"column":53}},"54":{"start":{"line":205,"column":4},"end":{"line":207,"column":5}},"55":{"start":{"line":206,"column":6},"end":{"line":206,"column":50}},"56":{"start":{"line":210,"column":4},"end":{"line":214,"column":7}},"57":{"start":{"line":221,"column":4},"end":{"line":221,"column":26}},"58":{"start":{"line":228,"column":4},"end":{"line":228,"column":19}},"59":{"start":{"line":235,"column":42},"end":{"line":235,"column":44}},"60":{"start":{"line":237,"column":4},"end":{"line":239,"column":7}},"61":{"start":{"line":238,"column":6},"end":{"line":238,"column":55}},"62":{"start":{"line":241,"column":4},"end":{"line":241,"column":17}},"63":{"start":{"line":194,"column":0},"end":{"line":194,"column":13}},"64":{"start":{"line":195,"column":26},"end":{"line":195,"column":41}},"65":{"start":{"line":196,"column":17},"end":{"line":196,"column":80}},"66":{"start":{"line":252,"column":2},"end":{"line":264,"column":3}},"67":{"start":{"line":253,"column":4},"end":{"line":253,"column":29}},"68":{"start":{"line":256,"column":4},"end":{"line":259,"column":5}},"69":{"start":{"line":257,"column":6},"end":{"line":257,"column":29}},"70":{"start":{"line":258,"column":6},"end":{"line":258,"column":18}},"71":{"start":{"line":261,"column":27},"end":{"line":261,"column":46}},"72":{"start":{"line":262,"column":4},"end":{"line":262,"column":36}},"73":{"start":{"line":263,"column":4},"end":{"line":263,"column":25}},"74":{"start":{"line":275,"column":2},"end":{"line":286,"column":5}},"75":{"start":{"line":276,"column":18},"end":{"line":280,"column":17}},"76":{"start":{"line":277,"column":20},"end":{"line":277,"column":73}},"77":{"start":{"line":278,"column":6},"end":{"line":278,"column":29}},"78":{"start":{"line":279,"column":6},"end":{"line":279,"column":20}},"79":{"start":{"line":282,"column":4},"end":{"line":285,"column":42}},"80":{"start":{"line":285,"column":21},"end":{"line":285,"column":40}}},"fnMap":{"0":{"name":"(anonymous_7)","decl":{"start":{"line":12,"column":2},"end":{"line":12,"column":14}},"loc":{"start":{"line":12,"column":60},"end":{"line":22,"column":3}}},"1":{"name":"(anonymous_8)","decl":{"start":{"line":27,"column":2},"end":{"line":27,"column":8}},"loc":{"start":{"line":27,"column":8},"end":{"line":37,"column":3}}},"2":{"name":"(anonymous_9)","decl":{"start":{"line":46,"column":2},"end":{"line":46,"column":14}},"loc":{"start":{"line":46,"column":97},"end":{"line":48,"column":3}}},"3":{"name":"(anonymous_10)","decl":{"start":{"line":57,"column":2},"end":{"line":57,"column":null}},"loc":{"start":{"line":61,"column":33},"end":{"line":64,"column":3}}},"4":{"name":"(anonymous_11)","decl":{"start":{"line":73,"column":2},"end":{"line":73,"column":14}},"loc":{"start":{"line":73,"column":97},"end":{"line":75,"column":3}}},"5":{"name":"(anonymous_12)","decl":{"start":{"line":84,"column":2},"end":{"line":84,"column":14}},"loc":{"start":{"line":84,"column":97},"end":{"line":86,"column":3}}},"6":{"name":"(anonymous_13)","decl":{"start":{"line":95,"column":2},"end":{"line":95,"column":null}},"loc":{"start":{"line":99,"column":33},"end":{"line":102,"column":3}}},"7":{"name":"(anonymous_14)","decl":{"start":{"line":111,"column":2},"end":{"line":111,"column":null}},"loc":{"start":{"line":115,"column":33},"end":{"line":118,"column":3}}},"8":{"name":"(anonymous_15)","decl":{"start":{"line":125,"column":2},"end":{"line":125,"column":8}},"loc":{"start":{"line":125,"column":28},"end":{"line":131,"column":3}}},"9":{"name":"(anonymous_16)","decl":{"start":{"line":133,"column":2},"end":{"line":133,"column":8}},"loc":{"start":{"line":133,"column":34},"end":{"line":139,"column":3}}},"10":{"name":"(anonymous_17)","decl":{"start":{"line":141,"column":2},"end":{"line":141,"column":8}},"loc":{"start":{"line":141,"column":57},"end":{"line":154,"column":3}}},"11":{"name":"(anonymous_18)","decl":{"start":{"line":156,"column":2},"end":{"line":156,"column":8}},"loc":{"start":{"line":156,"column":53},"end":{"line":162,"column":3}}},"12":{"name":"(anonymous_19)","decl":{"start":{"line":164,"column":2},"end":{"line":164,"column":8}},"loc":{"start":{"line":164,"column":38},"end":{"line":170,"column":3}}},"13":{"name":"(anonymous_20)","decl":{"start":{"line":172,"column":2},"end":{"line":172,"column":8}},"loc":{"start":{"line":172,"column":68},"end":{"line":179,"column":3}}},"14":{"name":"(anonymous_21)","decl":{"start":{"line":181,"column":2},"end":{"line":181,"column":8}},"loc":{"start":{"line":181,"column":60},"end":{"line":188,"column":3}}},"15":{"name":"(anonymous_22)","decl":{"start":{"line":201,"column":2},"end":{"line":201,"column":8}},"loc":{"start":{"line":201,"column":34},"end":{"line":215,"column":3}}},"16":{"name":"(anonymous_23)","decl":{"start":{"line":220,"column":2},"end":{"line":220,"column":8}},"loc":{"start":{"line":220,"column":16},"end":{"line":222,"column":3}}},"17":{"name":"(anonymous_24)","decl":{"start":{"line":227,"column":2},"end":{"line":227,"column":8}},"loc":{"start":{"line":227,"column":18},"end":{"line":229,"column":3}}},"18":{"name":"(anonymous_25)","decl":{"start":{"line":234,"column":2},"end":{"line":234,"column":8}},"loc":{"start":{"line":234,"column":17},"end":{"line":242,"column":3}}},"19":{"name":"(anonymous_26)","decl":{"start":{"line":237,"column":22},"end":{"line":237,"column":23}},"loc":{"start":{"line":237,"column":36},"end":{"line":239,"column":5}}},"20":{"name":"withErrorHandling","decl":{"start":{"line":248,"column":22},"end":{"line":248,"column":39}},"loc":{"start":{"line":250,"column":46},"end":{"line":265,"column":null}}},"21":{"name":"withTimeout","decl":{"start":{"line":270,"column":22},"end":{"line":270,"column":33}},"loc":{"start":{"line":273,"column":23},"end":{"line":287,"column":null}}},"22":{"name":"(anonymous_31)","decl":{"start":{"line":275,"column":21},"end":{"line":275,"column":22}},"loc":{"start":{"line":275,"column":41},"end":{"line":286,"column":3}}},"23":{"name":"(anonymous_32)","decl":{"start":{"line":276,"column":29},"end":{"line":276,"column":32}},"loc":{"start":{"line":276,"column":34},"end":{"line":280,"column":5}}},"24":{"name":"(anonymous_33)","decl":{"start":{"line":285,"column":15},"end":{"line":285,"column":18}},"loc":{"start":{"line":285,"column":21},"end":{"line":285,"column":40}}}},"branchMap":{"0":{"loc":{"start":{"line":19,"column":4},"end":{"line":21,"column":5}},"type":"if","locations":[{"start":{"line":19,"column":4},"end":{"line":21,"column":5}},{"start":{},"end":{}}]},"1":{"loc":{"start":{"line":142,"column":20},"end":{"line":142,"column":64}},"type":"binary-expr","locations":[{"start":{"line":142,"column":20},"end":{"line":142,"column":34}},{"start":{"line":142,"column":38},"end":{"line":142,"column":64}}]},"2":{"loc":{"start":{"line":142,"column":20},"end":{"line":142,"column":34}},"type":"cond-expr","locations":[{"start":{"line":142,"column":25},"end":{"line":142,"column":27}},{"start":{"line":142,"column":20},"end":{"line":142,"column":34}}]},"3":{"loc":{"start":{"line":142,"column":20},"end":{"line":142,"column":27}},"type":"binary-expr","locations":[{"start":{"line":142,"column":20},"end":{"line":142,"column":27}},{"start":{"line":142,"column":20},"end":{"line":142,"column":27}}]},"4":{"loc":{"start":{"line":145,"column":4},"end":{"line":151,"column":5}},"type":"if","locations":[{"start":{"line":145,"column":4},"end":{"line":151,"column":5}},{"start":{"line":147,"column":11},"end":{"line":151,"column":5}}]},"5":{"loc":{"start":{"line":147,"column":11},"end":{"line":151,"column":5}},"type":"if","locations":[{"start":{"line":147,"column":11},"end":{"line":151,"column":5}},{"start":{"line":149,"column":11},"end":{"line":151,"column":5}}]},"6":{"loc":{"start":{"line":149,"column":11},"end":{"line":151,"column":5}},"type":"if","locations":[{"start":{"line":149,"column":11},"end":{"line":151,"column":5}},{"start":{},"end":{}}]},"7":{"loc":{"start":{"line":158,"column":38},"end":{"line":158,"column":71}},"type":"binary-expr","locations":[{"start":{"line":158,"column":38},"end":{"line":158,"column":52}},{"start":{"line":158,"column":56},"end":{"line":158,"column":71}}]},"8":{"loc":{"start":{"line":158,"column":38},"end":{"line":158,"column":52}},"type":"cond-expr","locations":[{"start":{"line":158,"column":43},"end":{"line":158,"column":45}},{"start":{"line":158,"column":38},"end":{"line":158,"column":52}}]},"9":{"loc":{"start":{"line":158,"column":38},"end":{"line":158,"column":45}},"type":"binary-expr","locations":[{"start":{"line":158,"column":38},"end":{"line":158,"column":45}},{"start":{"line":158,"column":38},"end":{"line":158,"column":45}}]},"10":{"loc":{"start":{"line":166,"column":33},"end":{"line":166,"column":66}},"type":"binary-expr","locations":[{"start":{"line":166,"column":33},"end":{"line":166,"column":47}},{"start":{"line":166,"column":51},"end":{"line":166,"column":66}}]},"11":{"loc":{"start":{"line":166,"column":33},"end":{"line":166,"column":47}},"type":"cond-expr","locations":[{"start":{"line":166,"column":38},"end":{"line":166,"column":40}},{"start":{"line":166,"column":33},"end":{"line":166,"column":47}}]},"12":{"loc":{"start":{"line":166,"column":33},"end":{"line":166,"column":40}},"type":"binary-expr","locations":[{"start":{"line":166,"column":33},"end":{"line":166,"column":40}},{"start":{"line":166,"column":33},"end":{"line":166,"column":40}}]},"13":{"loc":{"start":{"line":205,"column":4},"end":{"line":207,"column":5}},"type":"if","locations":[{"start":{"line":205,"column":4},"end":{"line":207,"column":5}},{"start":{},"end":{}}]},"14":{"loc":{"start":{"line":238,"column":27},"end":{"line":238,"column":49}},"type":"binary-expr","locations":[{"start":{"line":238,"column":27},"end":{"line":238,"column":44}},{"start":{"line":238,"column":48},"end":{"line":238,"column":49}}]},"15":{"loc":{"start":{"line":256,"column":4},"end":{"line":259,"column":5}},"type":"if","locations":[{"start":{"line":256,"column":4},"end":{"line":259,"column":5}},{"start":{},"end":{}}]}},"s":{"0":2,"1":2,"2":184,"3":184,"4":184,"5":184,"6":184,"7":184,"8":1,"9":2,"10":163,"11":163,"12":163,"13":2,"14":5,"15":5,"16":5,"17":5,"18":2,"19":7,"20":7,"21":7,"22":2,"23":0,"24":0,"25":0,"26":2,"27":5,"28":5,"29":5,"30":5,"31":2,"32":4,"33":4,"34":4,"35":4,"36":2,"37":1,"38":3,"39":4,"40":4,"41":4,"42":1,"43":3,"44":1,"45":2,"46":1,"47":4,"48":6,"49":0,"50":4,"51":3,"52":2,"53":165,"54":165,"55":50,"56":165,"57":4,"58":6,"59":1,"60":1,"61":3,"62":1,"63":2,"64":2,"65":2,"66":27,"67":27,"68":8,"69":1,"70":1,"71":7,"72":7,"73":7,"74":28,"75":28,"76":2,"77":2,"78":2,"79":28,"80":26},"f":{"0":184,"1":1,"2":163,"3":5,"4":7,"5":0,"6":5,"7":4,"8":1,"9":3,"10":4,"11":6,"12":0,"13":4,"14":3,"15":165,"16":4,"17":6,"18":1,"19":3,"20":27,"21":28,"22":28,"23":2,"24":26},"b":{"0":[184,0],"1":[4,0],"2":[0,4],"3":[4,4],"4":[1,3],"5":[1,2],"6":[1,1],"7":[6,0],"8":[0,6],"9":[6,6],"10":[0,0],"11":[0,0],"12":[0,0],"13":[50,115],"14":[3,2],"15":[1,7]}}
}
