TN:
SF:src\background\config.ts
FN:28,validateApiKey
FN:52,getGeminiApiKey
FN:54,(anonymous_10)
FN:54,(anonymous_11)
FN:56,(anonymous_12)
FN:56,(anonymous_13)
FN:64,(anonymous_14)
FN:74,setGeminiApiKey
FN:79,(anonymous_17)
FN:79,(anonymous_18)
FN:81,(anonymous_19)
FN:81,(anonymous_20)
FN:91,(anonymous_21)
FN:99,clearGeminiApiKey
FN:101,(anonymous_24)
FN:101,(anonymous_25)
FN:103,(anonymous_26)
FN:103,(anonymous_27)
FN:110,(anonymous_28)
FN:119,isApiKeyConfigured
FN:135,getExtensionConfig
FN:137,(anonymous_33)
FN:137,(anonymous_34)
FN:139,(anonymous_35)
FN:139,(anonymous_36)
FN:150,(anonymous_37)
FNF:26
FNH:26
FNDA:10,validateApiKey
FNDA:13,getGeminiApiKey
FNDA:13,(anonymous_10)
FNDA:13,(anonymous_11)
FNDA:13,(anonymous_12)
FNDA:13,(anonymous_13)
FNDA:2,(anonymous_14)
FNDA:10,setGeminiApiKey
FNDA:4,(anonymous_17)
FNDA:4,(anonymous_18)
FNDA:4,(anonymous_19)
FNDA:4,(anonymous_20)
FNDA:1,(anonymous_21)
FNDA:3,clearGeminiApiKey
FNDA:3,(anonymous_24)
FNDA:3,(anonymous_25)
FNDA:3,(anonymous_26)
FNDA:3,(anonymous_27)
FNDA:1,(anonymous_28)
FNDA:7,isApiKeyConfigured
FNDA:4,getExtensionConfig
FNDA:4,(anonymous_33)
FNDA:4,(anonymous_34)
FNDA:4,(anonymous_35)
FNDA:4,(anonymous_36)
FNDA:1,(anonymous_37)
DA:3,1
DA:29,10
DA:30,3
DA:33,7
DA:34,7
DA:35,1
DA:38,6
DA:39,1
DA:42,5
DA:43,1
DA:52,1
DA:53,13
DA:54,13
DA:55,13
DA:56,13
DA:57,13
DA:58,10
DA:64,2
DA:74,1
DA:76,10
DA:78,4
DA:79,4
DA:80,4
DA:81,4
DA:82,4
DA:91,1
DA:99,1
DA:100,3
DA:101,3
DA:102,3
DA:103,3
DA:104,3
DA:110,1
DA:119,1
DA:120,7
DA:121,7
DA:122,6
DA:125,1
DA:126,1
DA:135,1
DA:136,4
DA:137,4
DA:138,4
DA:139,4
DA:140,4
DA:141,3
DA:150,1
LF:47
LH:47
BRDA:29,0,0,3
BRDA:29,0,1,7
BRDA:29,1,0,10
BRDA:29,1,1,8
BRDA:34,2,0,1
BRDA:34,2,1,6
BRDA:38,3,0,1
BRDA:38,3,1,5
BRDA:42,4,0,1
BRDA:42,4,1,4
BRDA:58,5,0,10
BRDA:58,5,1,6
BRDA:122,6,0,6
BRDA:122,6,1,2
BRDA:142,7,0,3
BRDA:142,7,1,1
BRDA:143,8,0,3
BRDA:143,8,1,1
BRF:18
BRH:18
end_of_record
TN:
SF:src\background\main.ts
FN:14,initializeGeminiAI
FN:31,(anonymous_9)
FN:31,(anonymous_10)
FN:38,(anonymous_11)
FN:40,(anonymous_12)
FN:40,(anonymous_13)
FN:89,(anonymous_14)
FN:89,(anonymous_15)
FN:105,(anonymous_16)
FNF:9
FNH:0
FNDA:0,initializeGeminiAI
FNDA:0,(anonymous_9)
FNDA:0,(anonymous_10)
FNDA:0,(anonymous_11)
FNDA:0,(anonymous_12)
FNDA:0,(anonymous_13)
FNDA:0,(anonymous_14)
FNDA:0,(anonymous_15)
FNDA:0,(anonymous_16)
DA:3,0
DA:4,0
DA:7,0
DA:8,0
DA:15,0
DA:16,0
DA:17,0
DA:18,0
DA:19,0
DA:22,0
DA:23,0
DA:24,0
DA:26,0
DA:27,0
DA:31,0
DA:32,0
DA:33,0
DA:34,0
DA:38,0
DA:39,0
DA:40,0
DA:41,0
DA:43,0
DA:44,0
DA:45,0
DA:46,0
DA:47,0
DA:50,0
DA:51,0
DA:52,0
DA:53,0
DA:54,0
DA:55,0
DA:58,0
DA:71,0
DA:72,0
DA:74,0
DA:75,0
DA:80,0
DA:81,0
DA:84,0
DA:85,0
DA:88,0
DA:89,0
DA:90,0
DA:92,0
DA:93,0
DA:94,0
DA:95,0
DA:96,0
DA:99,0
DA:100,0
DA:101,0
DA:103,0
DA:105,0
DA:108,0
DA:109,0
DA:111,0
DA:113,0
DA:114,0
DA:115,0
DA:119,0
DA:120,0
DA:123,0
DA:124,0
LF:65
LH:0
BRDA:17,0,0,0
BRDA:17,0,1,0
BRDA:32,1,0,0
BRDA:32,1,1,0
BRDA:39,2,0,0
BRDA:39,2,1,0
BRDA:43,3,0,0
BRDA:43,3,1,0
BRDA:45,4,0,0
BRDA:45,4,1,0
BRDA:76,5,0,0
BRDA:76,5,1,0
BRDA:76,6,0,0
BRDA:76,6,1,0
BRDA:80,7,0,0
BRDA:80,7,1,0
BRDA:88,8,0,0
BRDA:88,8,1,0
BRDA:92,9,0,0
BRDA:92,9,1,0
BRDA:94,10,0,0
BRDA:94,10,1,0
BRDA:101,11,0,0
BRDA:101,11,1,0
BRDA:119,12,0,0
BRDA:119,12,1,0
BRF:26
BRH:0
end_of_record
TN:
SF:src\content\main.ts
FN:3,(anonymous_0)
FN:7,(anonymous_1)
FN:17,(anonymous_2)
FN:31,(anonymous_3)
FN:47,(anonymous_4)
FNF:5
FNH:0
FNDA:0,(anonymous_0)
FNDA:0,(anonymous_1)
FNDA:0,(anonymous_2)
FNDA:0,(anonymous_3)
FNDA:0,(anonymous_4)
DA:3,0
DA:4,0
DA:5,0
DA:7,0
DA:9,0
DA:16,0
DA:17,0
DA:19,0
DA:27,0
DA:30,0
DA:31,0
DA:33,0
DA:34,0
DA:35,0
DA:36,0
DA:37,0
DA:41,0
DA:47,0
DA:48,0
DA:49,0
DA:51,0
DA:52,0
DA:60,0
DA:61,0
DA:64,0
DA:68,0
LF:26
LH:0
BRDA:4,0,0,0
BRDA:4,0,1,0
BRDA:9,1,0,0
BRDA:9,1,1,0
BRDA:9,1,2,0
BRDA:9,1,3,0
BRDA:9,1,4,0
BRDA:30,2,0,0
BRDA:30,2,1,0
BRDA:30,3,0,0
BRDA:30,3,1,0
BRDA:33,4,0,0
BRDA:33,4,1,0
BRF:13
BRH:0
end_of_record
TN:
SF:src\ui\main.tsx
FN:13,(anonymous_17)
FN:20,(anonymous_18)
FN:24,(anonymous_19)
FN:24,(anonymous_20)
FN:40,(anonymous_21)
FN:59,(anonymous_22)
FN:66,(anonymous_23)
FN:69,(anonymous_24)
FN:71,(anonymous_25)
FN:78,(anonymous_26)
FN:94,(anonymous_27)
FN:99,(anonymous_28)
FN:113,(anonymous_29)
FN:124,(anonymous_30)
FN:124,(anonymous_31)
FNF:15
FNH:0
FNDA:0,(anonymous_17)
FNDA:0,(anonymous_18)
FNDA:0,(anonymous_19)
FNDA:0,(anonymous_20)
FNDA:0,(anonymous_21)
FNDA:0,(anonymous_22)
FNDA:0,(anonymous_23)
FNDA:0,(anonymous_24)
FNDA:0,(anonymous_25)
FNDA:0,(anonymous_26)
FNDA:0,(anonymous_27)
FNDA:0,(anonymous_28)
FNDA:0,(anonymous_29)
FNDA:0,(anonymous_30)
FNDA:0,(anonymous_31)
DA:3,0
DA:4,0
DA:5,0
DA:6,0
DA:13,0
DA:14,0
DA:15,0
DA:16,0
DA:17,0
DA:18,0
DA:20,0
DA:21,0
DA:22,0
DA:24,0
DA:25,0
DA:26,0
DA:27,0
DA:28,0
DA:30,0
DA:31,0
DA:32,0
DA:33,0
DA:34,0
DA:35,0
DA:36,0
DA:38,0
DA:41,0
DA:42,0
DA:43,0
DA:45,0
DA:47,0
DA:51,0
DA:52,0
DA:57,0
DA:59,0
DA:60,0
DA:61,0
DA:62,0
DA:65,0
DA:66,0
DA:69,0
DA:71,0
DA:72,0
DA:73,0
DA:74,0
DA:75,0
DA:76,0
DA:79,0
DA:80,0
DA:81,0
DA:82,0
DA:84,0
DA:85,0
DA:87,0
DA:92,0
DA:93,0
DA:94,0
DA:99,0
DA:107,0
DA:108,0
DA:110,0
DA:114,0
DA:124,0
DA:131,0
DA:133,0
LF:65
LH:0
BRDA:21,0,0,0
BRDA:21,0,1,0
BRDA:26,1,0,0
BRDA:26,1,1,0
BRDA:26,2,0,0
BRDA:26,2,1,0
BRDA:32,3,0,0
BRDA:32,3,1,0
BRDA:32,4,0,0
BRDA:32,4,1,0
BRDA:41,5,0,0
BRDA:41,5,1,0
BRDA:41,6,0,0
BRDA:41,6,1,0
BRDA:41,6,2,0
BRDA:42,7,0,0
BRDA:42,7,1,0
BRDA:42,7,2,0
BRDA:42,8,0,0
BRDA:42,8,1,0
BRDA:42,9,0,0
BRDA:42,9,1,0
BRDA:42,10,0,0
BRDA:42,10,1,0
BRDA:42,11,0,0
BRDA:42,11,1,0
BRDA:60,12,0,0
BRDA:60,12,1,0
BRDA:61,13,0,0
BRDA:61,13,1,0
BRDA:69,14,0,0
BRDA:69,14,1,0
BRDA:72,15,0,0
BRDA:72,15,1,0
BRDA:72,16,0,0
BRDA:72,16,1,0
BRDA:79,17,0,0
BRDA:79,17,1,0
BRDA:79,18,0,0
BRDA:79,18,1,0
BRDA:79,18,2,0
BRDA:80,19,0,0
BRDA:80,19,1,0
BRDA:80,19,2,0
BRDA:80,20,0,0
BRDA:80,20,1,0
BRDA:80,21,0,0
BRDA:80,21,1,0
BRDA:80,22,0,0
BRDA:80,22,1,0
BRDA:80,23,0,0
BRDA:80,23,1,0
BRDA:96,24,0,0
BRDA:96,24,1,0
BRDA:104,25,0,0
BRDA:104,25,1,0
BRDA:105,26,0,0
BRDA:105,26,1,0
BRDA:121,27,0,0
BRDA:121,27,1,0
BRDA:124,28,0,0
BRDA:124,28,1,0
BRF:62
BRH:0
end_of_record
TN:
SF:src\ui\options.tsx
FN:7,(anonymous_17)
FN:14,(anonymous_18)
FN:18,(anonymous_19)
FN:18,(anonymous_20)
FN:40,(anonymous_21)
FN:40,(anonymous_22)
FN:66,(anonymous_23)
FN:66,(anonymous_24)
FN:89,(anonymous_25)
FN:208,(anonymous_26)
FNF:10
FNH:0
FNDA:0,(anonymous_17)
FNDA:0,(anonymous_18)
FNDA:0,(anonymous_19)
FNDA:0,(anonymous_20)
FNDA:0,(anonymous_21)
FNDA:0,(anonymous_22)
FNDA:0,(anonymous_23)
FNDA:0,(anonymous_24)
FNDA:0,(anonymous_25)
FNDA:0,(anonymous_26)
DA:3,0
DA:4,0
DA:5,0
DA:7,0
DA:8,0
DA:9,0
DA:10,0
DA:11,0
DA:12,0
DA:14,0
DA:15,0
DA:18,0
DA:19,0
DA:20,0
DA:21,0
DA:22,0
DA:24,0
DA:25,0
DA:26,0
DA:28,0
DA:29,0
DA:33,0
DA:34,0
DA:36,0
DA:40,0
DA:41,0
DA:42,0
DA:43,0
DA:46,0
DA:47,0
DA:48,0
DA:50,0
DA:53,0
DA:54,0
DA:56,0
DA:57,0
DA:59,0
DA:60,0
DA:62,0
DA:66,0
DA:67,0
DA:68,0
DA:71,0
DA:72,0
DA:73,0
DA:75,0
DA:78,0
DA:79,0
DA:80,0
DA:82,0
DA:83,0
DA:85,0
DA:89,0
DA:90,0
DA:91,0
DA:94,0
DA:95,0
DA:104,0
DA:208,0
DA:277,0
DA:278,0
DA:279,0
LF:62
LH:0
BRDA:24,0,0,0
BRDA:24,0,1,0
BRDA:26,1,0,0
BRDA:26,1,1,0
BRDA:41,2,0,0
BRDA:41,2,1,0
BRDA:67,3,0,0
BRDA:67,3,1,0
BRDA:94,4,0,0
BRDA:94,4,1,0
BRDA:148,5,0,0
BRDA:148,5,1,0
BRDA:186,6,0,0
BRDA:186,6,1,0
BRDA:188,7,0,0
BRDA:188,7,1,0
BRDA:191,8,0,0
BRDA:191,8,1,0
BRDA:223,9,0,0
BRDA:223,9,1,0
BRDA:230,10,0,0
BRDA:230,10,1,0
BRDA:230,11,0,0
BRDA:230,11,1,0
BRDA:233,12,0,0
BRDA:233,12,1,0
BRDA:233,13,0,0
BRDA:233,13,1,0
BRDA:236,14,0,0
BRDA:236,14,1,0
BRDA:241,15,0,0
BRDA:241,15,1,0
BRDA:246,16,0,0
BRDA:246,16,1,0
BRDA:247,17,0,0
BRDA:247,17,1,0
BRDA:248,18,0,0
BRDA:248,18,1,0
BRDA:249,19,0,0
BRDA:249,19,1,0
BRDA:250,20,0,0
BRDA:250,20,1,0
BRDA:251,21,0,0
BRDA:251,21,1,0
BRDA:277,22,0,0
BRDA:277,22,1,0
BRF:46
BRH:0
end_of_record
TN:
SF:src\utils\errors.ts
FN:12,(anonymous_7)
FN:27,(anonymous_8)
FN:46,(anonymous_9)
FN:57,(anonymous_10)
FN:73,(anonymous_11)
FN:84,(anonymous_12)
FN:95,(anonymous_13)
FN:111,(anonymous_14)
FN:125,(anonymous_15)
FN:133,(anonymous_16)
FN:141,(anonymous_17)
FN:156,(anonymous_18)
FN:164,(anonymous_19)
FN:172,(anonymous_20)
FN:181,(anonymous_21)
FN:201,(anonymous_22)
FN:220,(anonymous_23)
FN:227,(anonymous_24)
FN:234,(anonymous_25)
FN:237,(anonymous_26)
FN:248,withErrorHandling
FN:270,withTimeout
FN:275,(anonymous_31)
FN:276,(anonymous_32)
FN:285,(anonymous_33)
FNF:25
FNH:23
FNDA:184,(anonymous_7)
FNDA:1,(anonymous_8)
FNDA:163,(anonymous_9)
FNDA:5,(anonymous_10)
FNDA:7,(anonymous_11)
FNDA:0,(anonymous_12)
FNDA:5,(anonymous_13)
FNDA:4,(anonymous_14)
FNDA:1,(anonymous_15)
FNDA:3,(anonymous_16)
FNDA:4,(anonymous_17)
FNDA:6,(anonymous_18)
FNDA:0,(anonymous_19)
FNDA:4,(anonymous_20)
FNDA:3,(anonymous_21)
FNDA:165,(anonymous_22)
FNDA:4,(anonymous_23)
FNDA:6,(anonymous_24)
FNDA:1,(anonymous_25)
FNDA:3,(anonymous_26)
FNDA:27,withErrorHandling
FNDA:28,withTimeout
FNDA:28,(anonymous_31)
FNDA:2,(anonymous_32)
FNDA:26,(anonymous_33)
DA:6,2
DA:13,184
DA:14,184
DA:15,184
DA:16,184
DA:19,184
DA:20,184
DA:28,1
DA:43,2
DA:44,163
DA:46,163
DA:47,163
DA:54,2
DA:55,5
DA:59,5
DA:60,5
DA:63,5
DA:70,2
DA:71,7
DA:73,7
DA:74,7
DA:81,2
DA:82,0
DA:84,0
DA:85,0
DA:92,2
DA:93,5
DA:97,5
DA:98,5
DA:101,5
DA:108,2
DA:109,4
DA:113,4
DA:114,4
DA:117,4
DA:124,2
DA:126,1
DA:134,3
DA:142,4
DA:143,4
DA:145,4
DA:146,1
DA:147,3
DA:148,1
DA:149,2
DA:150,1
DA:153,4
DA:157,6
DA:165,0
DA:173,4
DA:182,3
DA:194,2
DA:195,2
DA:196,2
DA:202,165
DA:205,165
DA:206,50
DA:210,165
DA:221,4
DA:228,6
DA:235,1
DA:237,1
DA:238,3
DA:241,1
DA:248,2
DA:252,27
DA:253,27
DA:256,8
DA:257,1
DA:258,1
DA:261,7
DA:262,7
DA:263,7
DA:270,2
DA:275,28
DA:276,28
DA:277,2
DA:278,2
DA:279,2
DA:282,28
DA:285,26
LF:81
LH:77
BRDA:19,0,0,184
BRDA:19,0,1,0
BRDA:142,1,0,4
BRDA:142,1,1,0
BRDA:142,2,0,0
BRDA:142,2,1,4
BRDA:142,3,0,4
BRDA:142,3,1,4
BRDA:145,4,0,1
BRDA:145,4,1,3
BRDA:147,5,0,1
BRDA:147,5,1,2
BRDA:149,6,0,1
BRDA:149,6,1,1
BRDA:158,7,0,6
BRDA:158,7,1,0
BRDA:158,8,0,0
BRDA:158,8,1,6
BRDA:158,9,0,6
BRDA:158,9,1,6
BRDA:166,10,0,0
BRDA:166,10,1,0
BRDA:166,11,0,0
BRDA:166,11,1,0
BRDA:166,12,0,0
BRDA:166,12,1,0
BRDA:205,13,0,50
BRDA:205,13,1,115
BRDA:238,14,0,3
BRDA:238,14,1,2
BRDA:256,15,0,1
BRDA:256,15,1,7
BRF:32
BRH:21
end_of_record
